<html>
<head>
<title>TestNG:  C:/Users/juee.ningshetti/IdeaProjects/Intellidoc/src/Tests/LoginTest.java</title>
<link href="../testng.css" rel="stylesheet" type="text/css" />
<link href="../my-testng.css" rel="stylesheet" type="text/css" />

<style type="text/css">
.log { display: none;} 
.stack-trace { display: none;} 
</style>
<script type="text/javascript">
<!--
function flip(e) {
  current = e.style.display;
  if (current == 'block') {
    e.style.display = 'none';
    return 0;
  }
  else {
    e.style.display = 'block';
    return 1;
  }
}

function toggleBox(szDivId, elem, msg1, msg2)
{
  var res = -1;  if (document.getElementById) {
    res = flip(document.getElementById(szDivId));
  }
  else if (document.all) {
    // this is the way old msie versions work
    res = flip(document.all[szDivId]);
  }
  if(elem) {
    if(res == 0) elem.innerHTML = msg1; else elem.innerHTML = msg2;
  }

}

function toggleAllBoxes() {
  if (document.getElementsByTagName) {
    d = document.getElementsByTagName('div');
    for (i = 0; i < d.length; i++) {
      if (d[i].className == 'log') {
        flip(d[i]);
      }
    }
  }
}

// -->
</script>

</head>
<body>
<h2 align='center'>C:/Users/juee.ningshetti/IdeaProjects/Intellidoc/src/Tests/LoginTest.java</h2><table border='1' align="center">
<tr>
<td>Tests passed/Failed/Skipped:</td><td>11/1/0</td>
</tr><tr>
<td>Started on:</td><td>Thu Sep 09 18:45:49 IST 2021</td>
</tr>
<tr><td>Total time:</td><td>2075 seconds (2075670 ms)</td>
</tr><tr>
<td>Included groups:</td><td></td>
</tr><tr>
<td>Excluded groups:</td><td></td>
</tr>
</table><p/>
<small><i>(Hover the method name to see the test class name)</i></small><p/>
<table width='100%' border='1' class='invocation-failed'>
<tr><td colspan='4' align='center'><b>FAILED TESTS</b></td></tr>
<tr><td><b>Test method</b></td>
<td width="30%"><b>Exception</b></td>
<td width="10%"><b>Time (seconds)</b></td>
<td><b>Instance</b></td>
</tr>
<tr>
<td title='Tests.TemplateTest.TemplateFlow()'><b>TemplateFlow</b><br>Test class: Tests.TemplateTest</td>
<td><div><pre>java.lang.AssertionError: expected [Demo-New1] but found [YOURK_TEMPLATE]
	at org.testng.Assert.fail(Assert.java:99)
	at org.testng.Assert.failNotEquals(Assert.java:1037)
	at org.testng.Assert.assertEqualsImpl(Assert.java:140)
	at org.testng.Assert.assertEquals(Assert.java:122)
	at org.testng.Assert.assertEquals(Assert.java:629)
	at org.testng.Assert.assertEquals(Assert.java:639)
	at Pages.TemplatePage.AssertCreatTemplate(TemplatePage.java:96)
	at Tests.TemplateTest.TemplateFlow(TemplateTest.java:116)
	at java.base/jdk.internal.reflect.NativeMethodAccessorImpl.invoke0(Native Method)
	at java.base/jdk.internal.reflect.NativeMethodAccessorImpl.invoke(NativeMethodAccessorImpl.java:78)
	at java.base/jdk.internal.reflect.DelegatingMethodAccessorImpl.invoke(DelegatingMethodAccessorImpl.java:43)
	at java.base/java.lang.reflect.Method.invoke(Method.java:567)
	at org.testng.internal.MethodInvocationHelper.invokeMethod(MethodInvocationHelper.java:133)
	at org.testng.internal.TestInvoker.invokeMethod(TestInvoker.java:598)
	at org.testng.internal.TestInvoker.invokeTestMethod(TestInvoker.java:173)
	at org.testng.internal.MethodRunner.runInSequence(MethodRunner.java:46)
	at org.testng.internal.TestInvoker$MethodInvocationAgent.invoke(TestInvoker.java:824)
	at org.testng.internal.TestInvoker.invokeTestMethods(TestInvoker.java:146)
	at org.testng.internal.TestMethodWorker.invokeTestMethods(TestMethodWorker.java:146)
	at org.testng.internal.TestMethodWorker.run(TestMethodWorker.java:128)
	at java.base/java.util.ArrayList.forEach(ArrayList.java:1511)
	at org.testng.TestRunner.privateRun(TestRunner.java:794)
	at org.testng.TestRunner.run(TestRunner.java:596)
	at org.testng.SuiteRunner.runTest(SuiteRunner.java:377)
	at org.testng.SuiteRunner.runSequentially(SuiteRunner.java:371)
	at org.testng.SuiteRunner.privateRun(SuiteRunner.java:332)
	at org.testng.SuiteRunner.run(SuiteRunner.java:276)
	at org.testng.SuiteRunnerWorker.runSuite(SuiteRunnerWorker.java:53)
	at org.testng.SuiteRunnerWorker.run(SuiteRunnerWorker.java:96)
	at org.testng.TestNG.runSuitesSequentially(TestNG.java:1212)
	at org.testng.TestNG.runSuitesLocally(TestNG.java:1134)
	at org.testng.TestNG.runSuites(TestNG.java:1063)
	at org.testng.TestNG.run(TestNG.java:1031)
	at com.intellij.rt.testng.IDEARemoteTestNG.run(IDEARemoteTestNG.java:66)
	at com.intellij.rt.testng.RemoteTestNGStarter.main(RemoteTestNGStarter.java:109)
</pre></div><a href='#' onClick='toggleBox("stack-trace521528969", this, "Click to show all stack frames", "Click to hide stack frames")'>Click to show all stack frames</a>
<div class='stack-trace' id='stack-trace521528969'><pre>java.lang.AssertionError: expected [Demo-New1] but found [YOURK_TEMPLATE]
	at org.testng.Assert.fail(Assert.java:99)
	at org.testng.Assert.failNotEquals(Assert.java:1037)
	at org.testng.Assert.assertEqualsImpl(Assert.java:140)
	at org.testng.Assert.assertEquals(Assert.java:122)
	at org.testng.Assert.assertEquals(Assert.java:629)
	at org.testng.Assert.assertEquals(Assert.java:639)
	at Pages.TemplatePage.AssertCreatTemplate(TemplatePage.java:96)
	at Tests.TemplateTest.TemplateFlow(TemplateTest.java:116)
	at java.base/jdk.internal.reflect.NativeMethodAccessorImpl.invoke0(Native Method)
	at java.base/jdk.internal.reflect.NativeMethodAccessorImpl.invoke(NativeMethodAccessorImpl.java:78)
	at java.base/jdk.internal.reflect.DelegatingMethodAccessorImpl.invoke(DelegatingMethodAccessorImpl.java:43)
	at java.base/java.lang.reflect.Method.invoke(Method.java:567)
	at org.testng.internal.MethodInvocationHelper.invokeMethod(MethodInvocationHelper.java:133)
	at org.testng.internal.TestInvoker.invokeMethod(TestInvoker.java:598)
	at org.testng.internal.TestInvoker.invokeTestMethod(TestInvoker.java:173)
	at org.testng.internal.MethodRunner.runInSequence(MethodRunner.java:46)
	at org.testng.internal.TestInvoker$MethodInvocationAgent.invoke(TestInvoker.java:824)
	at org.testng.internal.TestInvoker.invokeTestMethods(TestInvoker.java:146)
	at org.testng.internal.TestMethodWorker.invokeTestMethods(TestMethodWorker.java:146)
	at org.testng.internal.TestMethodWorker.run(TestMethodWorker.java:128)
	at java.base/java.util.ArrayList.forEach(ArrayList.java:1511)
	at org.testng.TestRunner.privateRun(TestRunner.java:794)
	at org.testng.TestRunner.run(TestRunner.java:596)
	at org.testng.SuiteRunner.runTest(SuiteRunner.java:377)
	at org.testng.SuiteRunner.runSequentially(SuiteRunner.java:371)
	at org.testng.SuiteRunner.privateRun(SuiteRunner.java:332)
	at org.testng.SuiteRunner.run(SuiteRunner.java:276)
	at org.testng.SuiteRunnerWorker.runSuite(SuiteRunnerWorker.java:53)
	at org.testng.SuiteRunnerWorker.run(SuiteRunnerWorker.java:96)
	at org.testng.TestNG.runSuitesSequentially(TestNG.java:1212)
	at org.testng.TestNG.runSuitesLocally(TestNG.java:1134)
	at org.testng.TestNG.runSuites(TestNG.java:1063)
	at org.testng.TestNG.run(TestNG.java:1031)
	at com.intellij.rt.testng.IDEARemoteTestNG.run(IDEARemoteTestNG.java:66)
	at com.intellij.rt.testng.RemoteTestNGStarter.main(RemoteTestNGStarter.java:109)
</pre></div></td>
<td>126</td>
<td>Tests.TemplateTest@b7f23d9</td></tr>
</table><p>
<table width='100%' border='1' class='invocation-passed'>
<tr><td colspan='4' align='center'><b>PASSED TESTS</b></td></tr>
<tr><td><b>Test method</b></td>
<td width="30%"><b>Exception</b></td>
<td width="10%"><b>Time (seconds)</b></td>
<td><b>Instance</b></td>
</tr>
<tr>
<td title='Tests.ForgetPwdTest.ForgotPwdFlow()'><b>ForgotPwdFlow</b><br>Test class: Tests.ForgetPwdTest</td>
<td></td>
<td>86</td>
<td>Tests.ForgetPwdTest@7ff2a664</td></tr>
<tr>
<td title='Tests.DocumentTest.DocumentFlow()'><b>DocumentFlow</b><br>Test class: Tests.DocumentTest</td>
<td></td>
<td>375</td>
<td>Tests.DocumentTest@551bdc27</td></tr>
<tr>
<td title='Tests.AnalyticsTest.AnalyticsFlow()'><b>AnalyticsFlow</b><br>Test class: Tests.AnalyticsTest</td>
<td></td>
<td>50</td>
<td>Tests.AnalyticsTest@f0f2775</td></tr>
<tr>
<td title='Tests.RoleWiseTest.RoleWiseFlow()'><b>RoleWiseFlow</b><br>Test class: Tests.RoleWiseTest</td>
<td></td>
<td>110</td>
<td>Tests.RoleWiseTest@3d36e4cd</td></tr>
<tr>
<td title='Tests.CreateUserTest.CreateUserFlow()'><b>CreateUserFlow</b><br>Test class: Tests.CreateUserTest</td>
<td></td>
<td>149</td>
<td>Tests.CreateUserTest@5a4aa2f2</td></tr>
<tr>
<td title='Tests.DatasetTest.DataSetFlow()'><b>DataSetFlow</b><br>Test class: Tests.DatasetTest</td>
<td></td>
<td>143</td>
<td>Tests.DatasetTest@4d339552</td></tr>
<tr>
<td title='Tests.LoginTest.LoginTestFlow()'><b>LoginTestFlow</b><br>Test class: Tests.LoginTest</td>
<td></td>
<td>282</td>
<td>Tests.LoginTest@6a472554</td></tr>
<tr>
<td title='Tests.FunctionalTabTest.FunctionalFlow()'><b>FunctionalFlow</b><br>Test class: Tests.FunctionalTabTest</td>
<td></td>
<td>268</td>
<td>Tests.FunctionalTabTest@525b461a</td></tr>
<tr>
<td title='Tests.ProjectFlowTest.ProjectFlow()'><b>ProjectFlow</b><br>Test class: Tests.ProjectFlowTest</td>
<td></td>
<td>251</td>
<td>Tests.ProjectFlowTest@3f200884</td></tr>
<tr>
<td title='Tests.UpdateUserTest.UpdateUserFlow()'><b>UpdateUserFlow</b><br>Test class: Tests.UpdateUserTest</td>
<td></td>
<td>160</td>
<td>Tests.UpdateUserTest@6591f517</td></tr>
<tr>
<td title='Tests.EditProfileTest.EditProfileFlow()'><b>EditProfileFlow</b><br>Test class: Tests.EditProfileTest</td>
<td></td>
<td>69</td>
<td>Tests.EditProfileTest@58c1c010</td></tr>
</table><p>
</body>
</html>